<?xml version="1.0" encoding="UTF-8"?>
<testsuite name="hello.helloSpring.service.MemberServiceTest" tests="1" skipped="0" failures="0" errors="0" timestamp="2025-02-14T07:19:56" hostname="DESKTOP-L8GN2SH" time="0.066">
  <properties/>
  <testcase name="join()" classname="hello.helloSpring.service.MemberServiceTest" time="0.066"/>
  <system-out><![CDATA[]]></system-out>
  <system-err><![CDATA[]]></system-err>
</testsuite>
